<?xml version="1.0" encoding="UTF-8"?>
<testsuite xmlns:xsi="http://www.w3.org/2001/XMLSchema-instance" xsi:noNamespaceSchemaLocation="https://maven.apache.org/surefire/maven-surefire-plugin/xsd/surefire-test-report.xsd" name="com.nuwe.app.AppTest" time="0.321" tests="4" errors="0" skipped="0" failures="0">
  <properties>
[...]
</properties>
  <testcase name="shouldBubbleSort" classname="com.nuwe.app.AppTest" time="0.224"/>
  <testcase name="shouldQuickSort" classname="com.nuwe.app.AppTest" time="0.011"/>
  <testcase name="shouldMergeSort" classname="com.nuwe.app.AppTest" time="0.009"/>
  <testcase name="shouldHeapSort" classname="com.nuwe.app.AppTest" time="0.009"/>
</testsuite>